  GameManager.cpp
C:\ENTI\1R CDI\Progra\G00_FerrandoLluc_AA2\MapElements.h(6,20): warning C4091: 'extern ': se ha omitido a la izquierda de 'Player' cuando no hay ninguna variable declarada
  (compilando archivo de origen "GameManager.cpp")
  
  InputManager.cpp
C:\ENTI\1R CDI\Progra\G00_FerrandoLluc_AA2\MapElements.h(6,20): warning C4091: 'extern ': se ha omitido a la izquierda de 'Player' cuando no hay ninguna variable declarada
  (compilando archivo de origen "InputManager.cpp")
  
  Main.cpp
C:\ENTI\1R CDI\Progra\G00_FerrandoLluc_AA2\MapElements.h(6,20): warning C4091: 'extern ': se ha omitido a la izquierda de 'Player' cuando no hay ninguna variable declarada
  (compilando archivo de origen "Main.cpp")
  
C:\ENTI\1R CDI\Progra\G00_FerrandoLluc_AA2\Main.cpp(9,1): warning C4326: el tipo de valor devuelto de 'main' debe ser 'int' en lugar de 'void'
  Map.cpp
C:\ENTI\1R CDI\Progra\G00_FerrandoLluc_AA2\MapElements.h(6,20): warning C4091: 'extern ': se ha omitido a la izquierda de 'Player' cuando no hay ninguna variable declarada
  (compilando archivo de origen "Map.cpp")
  
  Player.cpp
C:\ENTI\1R CDI\Progra\G00_FerrandoLluc_AA2\MapElements.h(6,20): warning C4091: 'extern ': se ha omitido a la izquierda de 'Player' cuando no hay ninguna variable declarada
  (compilando archivo de origen "Player.cpp")
  
  PokeBall.cpp
C:\ENTI\1R CDI\Progra\G00_FerrandoLluc_AA2\MapElements.h(6,20): warning C4091: 'extern ': se ha omitido a la izquierda de 'Player' cuando no hay ninguna variable declarada
  (compilando archivo de origen "PokeBall.cpp")
  
  Pokemon.cpp
C:\ENTI\1R CDI\Progra\G00_FerrandoLluc_AA2\MapElements.h(6,20): warning C4091: 'extern ': se ha omitido a la izquierda de 'Player' cuando no hay ninguna variable declarada
  (compilando archivo de origen "Pokemon.cpp")
  
C:\ENTI\1R CDI\Progra\G00_FerrandoLluc_AA2\Pokemon.cpp(7,12): warning C4244: 'argumento': conversión de 'time_t' a 'unsigned int'; posible pérdida de datos
  Walls.cpp
C:\ENTI\1R CDI\Progra\G00_FerrandoLluc_AA2\MapElements.h(6,20): warning C4091: 'extern ': se ha omitido a la izquierda de 'Player' cuando no hay ninguna variable declarada
  (compilando archivo de origen "Walls.cpp")
  
  Generando código...
  G00_FerrandoLluc_AA2.vcxproj -> C:\ENTI\1R CDI\Progra\G00_FerrandoLluc_AA2\x64\Debug\G00_FerrandoLluc_AA2.exe
